
*** Running vivado
    with args -log placa.vds -m64 -product Vivado -mode batch -messageDb vivado.pb -notrace -source placa.tcl



****** Vivado v2021.2 (64-bit)
  **** SW Build 3367213 on Tue Oct 19 02:48:09 MDT 2021
  **** IP Build 3369179 on Thu Oct 21 08:25:16 MDT 2021
    ** Copyright 1986-2021 Xilinx, Inc. All Rights Reserved.

source placa.tcl -notrace
Command: read_checkpoint -auto_incremental -incremental D:/PSN/VHDL/Proiect_JocProbabilitate/Proiect_JocProbabilitate.srcs/utils_1/imports/synth_1/placa.dcp
INFO: [Vivado 12-5825] Read reference checkpoint from D:/PSN/VHDL/Proiect_JocProbabilitate/Proiect_JocProbabilitate.srcs/utils_1/imports/synth_1/placa.dcp for incremental synthesis
INFO: [Vivado 12-7989] Please ensure there are no constraint changes
Command: synth_design -top placa -part xc7a35tcpg236-1
Starting synth_design
Attempting to get a license for feature 'Synthesis' and/or device 'xc7a35t'
INFO: [Common 17-349] Got license for feature 'Synthesis' and/or device 'xc7a35t'
INFO: [Device 21-403] Loading part xc7a35tcpg236-1
WARNING: [Designutils 20-4072] Reference run did not run incremental synthesis because the design is too small; reverting to default synthesis
INFO: [Designutils 20-4379] Flow is switching to default flow due to incremental criteria not met. If you would like to alter this behaviour and have the flow terminate instead, please set the following parameter config_implementation {autoIncr.Synth.RejectBehavior Terminate}
INFO: [Synth 8-7079] Multithreading enabled for synth_design using a maximum of 2 processes.
INFO: [Synth 8-7078] Launching helper process for spawning children vivado processes
INFO: [Synth 8-7075] Helper process launched with PID 7592
---------------------------------------------------------------------------------
Starting RTL Elaboration : Time (s): cpu = 00:00:03 ; elapsed = 00:00:04 . Memory (MB): peak = 1260.332 ; gain = 0.000
---------------------------------------------------------------------------------
INFO: [Synth 8-638] synthesizing module 'placa' [D:/PSN/VHDL/Proiect_JocProbabilitate/Proiect_JocProbabilitate.srcs/sources_1/new/placa.vhd:47]
INFO: [Synth 8-638] synthesizing module 'mpg' [D:/PSN/VHDL/Proiect_JocProbabilitate/Proiect_JocProbabilitate.srcs/sources_1/new/MPG.vhd:45]
INFO: [Synth 8-256] done synthesizing module 'mpg' (1#1) [D:/PSN/VHDL/Proiect_JocProbabilitate/Proiect_JocProbabilitate.srcs/sources_1/new/MPG.vhd:45]
INFO: [Synth 8-638] synthesizing module 'generator_random' [D:/PSN/VHDL/Proiect_JocProbabilitate/Proiect_JocProbabilitate.srcs/sources_1/new/generator_random.vhd:44]
WARNING: [Synth 8-6014] Unused sequential element num2_reg was removed.  [D:/PSN/VHDL/Proiect_JocProbabilitate/Proiect_JocProbabilitate.srcs/sources_1/new/generator_random.vhd:73]
INFO: [Synth 8-256] done synthesizing module 'generator_random' (2#1) [D:/PSN/VHDL/Proiect_JocProbabilitate/Proiect_JocProbabilitate.srcs/sources_1/new/generator_random.vhd:44]
INFO: [Synth 8-638] synthesizing module 'linie_led' [D:/PSN/VHDL/Proiect_JocProbabilitate/Proiect_JocProbabilitate.srcs/sources_1/new/linie_led.vhd:53]
WARNING: [Synth 8-614] signal 'm' is read in the process but is not in the sensitivity list [D:/PSN/VHDL/Proiect_JocProbabilitate/Proiect_JocProbabilitate.srcs/sources_1/new/linie_led.vhd:123]
WARNING: [Synth 8-614] signal 'ilinie_curenta' is read in the process but is not in the sensitivity list [D:/PSN/VHDL/Proiect_JocProbabilitate/Proiect_JocProbabilitate.srcs/sources_1/new/linie_led.vhd:123]
INFO: [Synth 8-256] done synthesizing module 'linie_led' (3#1) [D:/PSN/VHDL/Proiect_JocProbabilitate/Proiect_JocProbabilitate.srcs/sources_1/new/linie_led.vhd:53]
INFO: [Synth 8-638] synthesizing module 'SDD_0to3' [D:/PSN/VHDL/Proiect_JocProbabilitate/Proiect_JocProbabilitate.srcs/sources_1/new/SDD_0to3.vhd:50]
INFO: [Synth 8-638] synthesizing module 'conv_hexToSS' [D:/PSN/VHDL/Proiect_JocProbabilitate/Proiect_JocProbabilitate.srcs/sources_1/new/conv_hexToSS.vhd:42]
INFO: [Synth 8-256] done synthesizing module 'conv_hexToSS' (4#1) [D:/PSN/VHDL/Proiect_JocProbabilitate/Proiect_JocProbabilitate.srcs/sources_1/new/conv_hexToSS.vhd:42]
WARNING: [Synth 8-6044] Case expression and choice expression width mismatch, Case expression is 4 wide and choice expression is 3 wide [D:/PSN/VHDL/Proiect_JocProbabilitate/Proiect_JocProbabilitate.srcs/sources_1/new/SDD_0to3.vhd:236]
WARNING: [Synth 8-6044] Case expression and choice expression width mismatch, Case expression is 4 wide and choice expression is 3 wide [D:/PSN/VHDL/Proiect_JocProbabilitate/Proiect_JocProbabilitate.srcs/sources_1/new/SDD_0to3.vhd:240]
WARNING: [Synth 8-6044] Case expression and choice expression width mismatch, Case expression is 4 wide and choice expression is 3 wide [D:/PSN/VHDL/Proiect_JocProbabilitate/Proiect_JocProbabilitate.srcs/sources_1/new/SDD_0to3.vhd:244]
WARNING: [Synth 8-6044] Case expression and choice expression width mismatch, Case expression is 4 wide and choice expression is 3 wide [D:/PSN/VHDL/Proiect_JocProbabilitate/Proiect_JocProbabilitate.srcs/sources_1/new/SDD_0to3.vhd:248]
INFO: [Synth 8-256] done synthesizing module 'SDD_0to3' (5#1) [D:/PSN/VHDL/Proiect_JocProbabilitate/Proiect_JocProbabilitate.srcs/sources_1/new/SDD_0to3.vhd:50]
INFO: [Synth 8-638] synthesizing module 'SSD' [D:/PSN/VHDL/Proiect_JocProbabilitate/Proiect_JocProbabilitate.srcs/sources_1/new/SSD.vhd:45]
INFO: [Synth 8-256] done synthesizing module 'SSD' (6#1) [D:/PSN/VHDL/Proiect_JocProbabilitate/Proiect_JocProbabilitate.srcs/sources_1/new/SSD.vhd:45]
INFO: [Synth 8-256] done synthesizing module 'placa' (7#1) [D:/PSN/VHDL/Proiect_JocProbabilitate/Proiect_JocProbabilitate.srcs/sources_1/new/placa.vhd:47]
WARNING: [Synth 8-7129] Port sw[15] in module placa is either unconnected or has no load
WARNING: [Synth 8-7129] Port sw[14] in module placa is either unconnected or has no load
WARNING: [Synth 8-7129] Port sw[13] in module placa is either unconnected or has no load
WARNING: [Synth 8-7129] Port sw[12] in module placa is either unconnected or has no load
WARNING: [Synth 8-7129] Port sw[11] in module placa is either unconnected or has no load
WARNING: [Synth 8-7129] Port sw[10] in module placa is either unconnected or has no load
WARNING: [Synth 8-7129] Port sw[9] in module placa is either unconnected or has no load
WARNING: [Synth 8-7129] Port sw[8] in module placa is either unconnected or has no load
WARNING: [Synth 8-7129] Port sw[7] in module placa is either unconnected or has no load
WARNING: [Synth 8-7129] Port sw[6] in module placa is either unconnected or has no load
WARNING: [Synth 8-7129] Port sw[5] in module placa is either unconnected or has no load
WARNING: [Synth 8-7129] Port sw[4] in module placa is either unconnected or has no load
WARNING: [Synth 8-7129] Port sw[3] in module placa is either unconnected or has no load
WARNING: [Synth 8-7129] Port sw[2] in module placa is either unconnected or has no load
WARNING: [Synth 8-7129] Port sw[1] in module placa is either unconnected or has no load
WARNING: [Synth 8-7129] Port sw[0] in module placa is either unconnected or has no load
---------------------------------------------------------------------------------
Finished RTL Elaboration : Time (s): cpu = 00:00:04 ; elapsed = 00:00:05 . Memory (MB): peak = 1260.332 ; gain = 0.000
---------------------------------------------------------------------------------
---------------------------------------------------------------------------------
Start Handling Custom Attributes
---------------------------------------------------------------------------------
---------------------------------------------------------------------------------
Finished Handling Custom Attributes : Time (s): cpu = 00:00:05 ; elapsed = 00:00:06 . Memory (MB): peak = 1260.332 ; gain = 0.000
---------------------------------------------------------------------------------
---------------------------------------------------------------------------------
Finished RTL Optimization Phase 1 : Time (s): cpu = 00:00:05 ; elapsed = 00:00:06 . Memory (MB): peak = 1260.332 ; gain = 0.000
---------------------------------------------------------------------------------
Netlist sorting complete. Time (s): cpu = 00:00:00 ; elapsed = 00:00:00.021 . Memory (MB): peak = 1260.332 ; gain = 0.000
INFO: [Project 1-570] Preparing netlist for logic optimization

Processing XDC Constraints
Initializing timing engine
Parsing XDC File [D:/PSN/basys3_c.xdc]
Finished Parsing XDC File [D:/PSN/basys3_c.xdc]
INFO: [Project 1-236] Implementation specific constraints were found while reading constraint file [D:/PSN/basys3_c.xdc]. These constraints will be ignored for synthesis but will be used in implementation. Impacted constraints are listed in the file [.Xil/placa_propImpl.xdc].
Resolution: To avoid this warning, move constraints listed in [.Xil/placa_propImpl.xdc] to another XDC file and exclude this new file from synthesis with the used_in_synthesis property (File Properties dialog in GUI) and re-run elaboration/synthesis.
Completed Processing XDC Constraints

Netlist sorting complete. Time (s): cpu = 00:00:00 ; elapsed = 00:00:00.001 . Memory (MB): peak = 1260.449 ; gain = 0.000
INFO: [Project 1-111] Unisim Transformation Summary:
No Unisim elements were transformed.

Constraint Validation Runtime : Time (s): cpu = 00:00:00 ; elapsed = 00:00:00.004 . Memory (MB): peak = 1260.449 ; gain = 0.000
WARNING: [Designutils 20-4072] Reference run did not run incremental synthesis because the design is too small; reverting to default synthesis
INFO: [Designutils 20-4379] Flow is switching to default flow due to incremental criteria not met. If you would like to alter this behaviour and have the flow terminate instead, please set the following parameter config_implementation {autoIncr.Synth.RejectBehavior Terminate}
---------------------------------------------------------------------------------
Finished Constraint Validation : Time (s): cpu = 00:00:11 ; elapsed = 00:00:12 . Memory (MB): peak = 1260.449 ; gain = 0.117
---------------------------------------------------------------------------------
---------------------------------------------------------------------------------
Start Loading Part and Timing Information
---------------------------------------------------------------------------------
Loading part: xc7a35tcpg236-1
---------------------------------------------------------------------------------
Finished Loading Part and Timing Information : Time (s): cpu = 00:00:11 ; elapsed = 00:00:12 . Memory (MB): peak = 1260.449 ; gain = 0.117
---------------------------------------------------------------------------------
---------------------------------------------------------------------------------
Start Applying 'set_property' XDC Constraints
---------------------------------------------------------------------------------
---------------------------------------------------------------------------------
Finished applying 'set_property' XDC Constraints : Time (s): cpu = 00:00:11 ; elapsed = 00:00:12 . Memory (MB): peak = 1260.449 ; gain = 0.117
---------------------------------------------------------------------------------
INFO: [Synth 8-802] inferred FSM for state register 'stare_curenta_reg' in module 'linie_led'
---------------------------------------------------------------------------------------------------
                   State |                     New Encoding |                Previous Encoding 
---------------------------------------------------------------------------------------------------
                    idle |                              000 |                              000
                   activ |                              001 |                              001
               inc_linie |                              010 |                              010
              modif_vect |                              011 |                              011
                  iSTATE |                              100 |                              100
*
---------------------------------------------------------------------------------------------------
INFO: [Synth 8-3354] encoded FSM with state register 'stare_curenta_reg' using encoding 'sequential' in module 'linie_led'
WARNING: [Synth 8-327] inferring latch for variable 'led_curent_reg' [D:/PSN/VHDL/Proiect_JocProbabilitate/Proiect_JocProbabilitate.srcs/sources_1/new/linie_led.vhd:126]
---------------------------------------------------------------------------------
Finished RTL Optimization Phase 2 : Time (s): cpu = 00:00:12 ; elapsed = 00:00:13 . Memory (MB): peak = 1260.449 ; gain = 0.117
---------------------------------------------------------------------------------
---------------------------------------------------------------------------------
Start RTL Component Statistics 
---------------------------------------------------------------------------------
Detailed RTL Component Info : 
+---Adders : 
	   2 Input   32 Bit       Adders := 2     
	   3 Input   32 Bit       Adders := 1     
	   2 Input    9 Bit       Adders := 1     
	   2 Input    4 Bit       Adders := 5     
+---XORs : 
	   2 Input      4 Bit         XORs := 1     
+---Registers : 
	               32 Bit    Registers := 6     
	               28 Bit    Registers := 1     
	               17 Bit    Registers := 5     
	                4 Bit    Registers := 4     
	                3 Bit    Registers := 1     
	                1 Bit    Registers := 19    
+---Muxes : 
	   2 Input   32 Bit        Muxes := 11    
	   6 Input   32 Bit        Muxes := 1     
	   2 Input   28 Bit        Muxes := 3     
	   4 Input   28 Bit        Muxes := 1     
	   2 Input   17 Bit        Muxes := 54    
	   5 Input   16 Bit        Muxes := 1     
	   2 Input    9 Bit        Muxes := 1     
	   2 Input    7 Bit        Muxes := 2     
	   4 Input    7 Bit        Muxes := 1     
	   2 Input    4 Bit        Muxes := 7     
	   4 Input    4 Bit        Muxes := 1     
	   5 Input    3 Bit        Muxes := 1     
	   2 Input    3 Bit        Muxes := 7     
	   3 Input    3 Bit        Muxes := 3     
	   2 Input    2 Bit        Muxes := 2     
	   2 Input    1 Bit        Muxes := 27    
	   5 Input    1 Bit        Muxes := 1     
	   8 Input    1 Bit        Muxes := 1     
---------------------------------------------------------------------------------
Finished RTL Component Statistics 
---------------------------------------------------------------------------------
---------------------------------------------------------------------------------
Start Part Resource Summary
---------------------------------------------------------------------------------
Part Resources:
DSPs: 90 (col length:60)
BRAMs: 100 (col length: RAMB18 60 RAMB36 30)
---------------------------------------------------------------------------------
Finished Part Resource Summary
---------------------------------------------------------------------------------
---------------------------------------------------------------------------------
Start Cross Boundary and Area Optimization
---------------------------------------------------------------------------------
WARNING: [Synth 8-7080] Parallel synthesis criteria is not met
WARNING: [Synth 8-7129] Port sw[15] in module placa is either unconnected or has no load
WARNING: [Synth 8-7129] Port sw[14] in module placa is either unconnected or has no load
WARNING: [Synth 8-7129] Port sw[13] in module placa is either unconnected or has no load
WARNING: [Synth 8-7129] Port sw[12] in module placa is either unconnected or has no load
WARNING: [Synth 8-7129] Port sw[11] in module placa is either unconnected or has no load
WARNING: [Synth 8-7129] Port sw[10] in module placa is either unconnected or has no load
WARNING: [Synth 8-7129] Port sw[9] in module placa is either unconnected or has no load
WARNING: [Synth 8-7129] Port sw[8] in module placa is either unconnected or has no load
WARNING: [Synth 8-7129] Port sw[7] in module placa is either unconnected or has no load
WARNING: [Synth 8-7129] Port sw[6] in module placa is either unconnected or has no load
WARNING: [Synth 8-7129] Port sw[5] in module placa is either unconnected or has no load
WARNING: [Synth 8-7129] Port sw[4] in module placa is either unconnected or has no load
WARNING: [Synth 8-7129] Port sw[3] in module placa is either unconnected or has no load
WARNING: [Synth 8-7129] Port sw[2] in module placa is either unconnected or has no load
WARNING: [Synth 8-7129] Port sw[1] in module placa is either unconnected or has no load
WARNING: [Synth 8-7129] Port sw[0] in module placa is either unconnected or has no load
---------------------------------------------------------------------------------
Finished Cross Boundary and Area Optimization : Time (s): cpu = 00:00:25 ; elapsed = 00:00:27 . Memory (MB): peak = 1260.449 ; gain = 0.117
---------------------------------------------------------------------------------
---------------------------------------------------------------------------------
Start Applying XDC Timing Constraints
---------------------------------------------------------------------------------
---------------------------------------------------------------------------------
Finished Applying XDC Timing Constraints : Time (s): cpu = 00:00:29 ; elapsed = 00:00:31 . Memory (MB): peak = 1260.449 ; gain = 0.117
---------------------------------------------------------------------------------
---------------------------------------------------------------------------------
Start Timing Optimization
---------------------------------------------------------------------------------
---------------------------------------------------------------------------------
Finished Timing Optimization : Time (s): cpu = 00:00:33 ; elapsed = 00:00:35 . Memory (MB): peak = 1304.473 ; gain = 44.141
---------------------------------------------------------------------------------
---------------------------------------------------------------------------------
Start Technology Mapping
---------------------------------------------------------------------------------
---------------------------------------------------------------------------------
Finished Technology Mapping : Time (s): cpu = 00:00:33 ; elapsed = 00:00:35 . Memory (MB): peak = 1314.523 ; gain = 54.191
---------------------------------------------------------------------------------
---------------------------------------------------------------------------------
Start IO Insertion
---------------------------------------------------------------------------------
---------------------------------------------------------------------------------
Start Flattening Before IO Insertion
---------------------------------------------------------------------------------
---------------------------------------------------------------------------------
Finished Flattening Before IO Insertion
---------------------------------------------------------------------------------
---------------------------------------------------------------------------------
Start Final Netlist Cleanup
---------------------------------------------------------------------------------
---------------------------------------------------------------------------------
Finished Final Netlist Cleanup
---------------------------------------------------------------------------------
---------------------------------------------------------------------------------
Finished IO Insertion : Time (s): cpu = 00:00:37 ; elapsed = 00:00:39 . Memory (MB): peak = 1314.523 ; gain = 54.191
---------------------------------------------------------------------------------
---------------------------------------------------------------------------------
Start Renaming Generated Instances
---------------------------------------------------------------------------------
---------------------------------------------------------------------------------
Finished Renaming Generated Instances : Time (s): cpu = 00:00:37 ; elapsed = 00:00:39 . Memory (MB): peak = 1314.523 ; gain = 54.191
---------------------------------------------------------------------------------
---------------------------------------------------------------------------------
Start Rebuilding User Hierarchy
---------------------------------------------------------------------------------
---------------------------------------------------------------------------------
Finished Rebuilding User Hierarchy : Time (s): cpu = 00:00:37 ; elapsed = 00:00:39 . Memory (MB): peak = 1314.523 ; gain = 54.191
---------------------------------------------------------------------------------
---------------------------------------------------------------------------------
Start Renaming Generated Ports
---------------------------------------------------------------------------------
---------------------------------------------------------------------------------
Finished Renaming Generated Ports : Time (s): cpu = 00:00:37 ; elapsed = 00:00:39 . Memory (MB): peak = 1314.523 ; gain = 54.191
---------------------------------------------------------------------------------
---------------------------------------------------------------------------------
Start Handling Custom Attributes
---------------------------------------------------------------------------------
---------------------------------------------------------------------------------
Finished Handling Custom Attributes : Time (s): cpu = 00:00:37 ; elapsed = 00:00:39 . Memory (MB): peak = 1314.523 ; gain = 54.191
---------------------------------------------------------------------------------
---------------------------------------------------------------------------------
Start Renaming Generated Nets
---------------------------------------------------------------------------------
---------------------------------------------------------------------------------
Finished Renaming Generated Nets : Time (s): cpu = 00:00:37 ; elapsed = 00:00:39 . Memory (MB): peak = 1314.523 ; gain = 54.191
---------------------------------------------------------------------------------
---------------------------------------------------------------------------------
Start Writing Synthesis Report
---------------------------------------------------------------------------------

Report BlackBoxes: 
+-+--------------+----------+
| |BlackBox name |Instances |
+-+--------------+----------+
+-+--------------+----------+

Report Cell Usage: 
+------+-------+------+
|      |Cell   |Count |
+------+-------+------+
|1     |BUFG   |     1|
|2     |CARRY4 |    56|
|3     |LUT1   |    30|
|4     |LUT2   |   140|
|5     |LUT3   |   112|
|6     |LUT4   |    60|
|7     |LUT5   |   156|
|8     |LUT6   |   209|
|9     |FDCE   |    77|
|10    |FDRE   |   176|
|11    |FDSE   |   160|
|12    |LD     |    16|
|13    |IBUF   |     5|
|14    |OBUF   |    27|
+------+-------+------+
---------------------------------------------------------------------------------
Finished Writing Synthesis Report : Time (s): cpu = 00:00:37 ; elapsed = 00:00:39 . Memory (MB): peak = 1314.523 ; gain = 54.191
---------------------------------------------------------------------------------
Synthesis finished with 0 errors, 0 critical warnings and 18 warnings.
Synthesis Optimization Runtime : Time (s): cpu = 00:00:30 ; elapsed = 00:00:37 . Memory (MB): peak = 1314.523 ; gain = 54.074
Synthesis Optimization Complete : Time (s): cpu = 00:00:37 ; elapsed = 00:00:39 . Memory (MB): peak = 1314.523 ; gain = 54.191
INFO: [Project 1-571] Translating synthesized netlist
Netlist sorting complete. Time (s): cpu = 00:00:00 ; elapsed = 00:00:00.011 . Memory (MB): peak = 1325.684 ; gain = 0.000
INFO: [Netlist 29-17] Analyzing 72 Unisim elements for replacement
INFO: [Netlist 29-28] Unisim Transformation completed in 0 CPU seconds
INFO: [Project 1-570] Preparing netlist for logic optimization
INFO: [Opt 31-138] Pushed 0 inverter(s) to 0 load pin(s).
Netlist sorting complete. Time (s): cpu = 00:00:00 ; elapsed = 00:00:00 . Memory (MB): peak = 1337.082 ; gain = 0.000
INFO: [Project 1-111] Unisim Transformation Summary:
  A total of 16 instances were transformed.
  LD => LDCE: 16 instances

Synth Design complete, checksum: 438f8e10
INFO: [Common 17-83] Releasing license: Synthesis
35 Infos, 43 Warnings, 0 Critical Warnings and 0 Errors encountered.
synth_design completed successfully
synth_design: Time (s): cpu = 00:00:41 ; elapsed = 00:00:43 . Memory (MB): peak = 1337.082 ; gain = 76.750
INFO: [Common 17-1381] The checkpoint 'D:/PSN/VHDL/Proiect_JocProbabilitate/Proiect_JocProbabilitate.runs/synth_1/placa.dcp' has been generated.
INFO: [runtcl-4] Executing : report_utilization -file placa_utilization_synth.rpt -pb placa_utilization_synth.pb
INFO: [Common 17-206] Exiting Vivado at Thu May 12 22:34:50 2022...
